TN:
SF:/home/raj/Desktop/vue-git/customEmail/server/server.js
FN:10,(anonymous_0)
FN:18,(anonymous_1)
FNF:2
FNH:2
FNDA:11,(anonymous_0)
FNDA:1,(anonymous_1)
DA:1,1
DA:2,1
DA:3,1
DA:4,1
DA:6,1
DA:9,1
DA:10,1
DA:11,11
DA:12,11
DA:13,11
DA:14,11
DA:16,1
DA:17,1
DA:18,1
DA:19,1
DA:22,1
LF:16
LH:16
BRF:0
BRH:0
end_of_record
TN:
SF:/home/raj/Desktop/vue-git/customEmail/server/config/sequelize_config.js
FN:19,(anonymous_0)
FN:21,(anonymous_1)
FN:29,(anonymous_2)
FNF:3
FNH:2
FNDA:1,(anonymous_0)
FNDA:0,(anonymous_1)
FNDA:1,(anonymous_2)
DA:1,1
DA:2,1
DA:5,1
DA:19,1
DA:22,0
DA:25,1
DA:27,1
DA:33,1
LF:8
LH:7
BRF:0
BRH:0
end_of_record
TN:
SF:/home/raj/Desktop/vue-git/customEmail/server/controller/EmailController.js
FN:11,(anonymous_0)
FN:35,(anonymous_1)
FN:49,(anonymous_2)
FN:65,(anonymous_3)
FN:90,(anonymous_4)
FN:107,(anonymous_5)
FN:137,(anonymous_6)
FNF:7
FNH:7
FNDA:2,(anonymous_0)
FNDA:1,(anonymous_1)
FNDA:2,(anonymous_2)
FNDA:2,(anonymous_3)
FNDA:2,(anonymous_4)
FNDA:2,(anonymous_5)
FNDA:1,(anonymous_6)
DA:1,1
DA:2,1
DA:3,1
DA:4,1
DA:5,1
DA:12,2
DA:15,2
DA:16,2
DA:17,1
DA:18,1
DA:21,1
DA:24,1
DA:28,1
DA:36,1
DA:37,1
DA:40,1
DA:42,0
DA:50,2
DA:51,2
DA:56,1
DA:58,1
DA:66,2
DA:69,2
DA:70,2
DA:71,1
DA:72,1
DA:74,1
DA:79,1
DA:83,1
DA:91,2
DA:92,2
DA:97,1
DA:99,1
DA:108,2
DA:111,2
DA:118,1
DA:119,1
DA:120,1
DA:124,1
DA:131,1
DA:137,1
DA:138,1
DA:140,0
DA:141,0
DA:144,1
DA:148,1
DA:154,1
DA:155,1
LF:48
LH:45
BRDA:138,0,0,0
BRDA:138,0,1,1
BRF:2
BRH:1
end_of_record
TN:
SF:/home/raj/Desktop/vue-git/customEmail/server/models/email.js
FN:2,(anonymous_0)
FN:22,(anonymous_1)
FNF:2
FNH:2
FNDA:1,(anonymous_0)
FNDA:1,(anonymous_1)
DA:1,1
DA:2,1
DA:3,1
DA:22,1
DA:23,1
DA:27,1
LF:6
LH:6
BRF:0
BRH:0
end_of_record
TN:
SF:/home/raj/Desktop/vue-git/customEmail/server/routes/route_config.js
FNF:0
FNH:0
DA:1,1
DA:2,1
DA:4,1
DA:8,1
DA:9,1
DA:10,1
DA:11,1
DA:12,1
DA:13,1
DA:16,1
LF:10
LH:10
BRF:0
BRH:0
end_of_record
