TN:
SF:/home/raj/Desktop/vue-git/customEmail/server/server.js
FN:10,(anonymous_0)
FN:18,(anonymous_1)
FNF:2
FNH:2
FNDA:11,(anonymous_0)
FNDA:1,(anonymous_1)
DA:1,1
DA:2,1
DA:3,1
DA:4,1
DA:6,1
DA:9,1
DA:10,1
DA:11,11
DA:12,11
DA:13,11
DA:14,11
DA:16,1
DA:17,1
DA:18,1
DA:19,1
DA:22,1
LF:16
LH:16
BRF:0
BRH:0
end_of_record
TN:
SF:/home/raj/Desktop/vue-git/customEmail/server/config/sequelize_config.js
FN:19,(anonymous_0)
FN:21,(anonymous_1)
FN:29,(anonymous_2)
FNF:3
FNH:2
FNDA:1,(anonymous_0)
FNDA:0,(anonymous_1)
FNDA:1,(anonymous_2)
DA:1,1
DA:2,1
DA:5,1
DA:19,1
DA:22,0
DA:25,1
DA:27,1
DA:33,1
LF:8
LH:7
BRF:0
BRH:0
end_of_record
TN:
SF:/home/raj/Desktop/vue-git/customEmail/server/controller/EmailController.js
FN:11,(anonymous_0)
FN:34,(anonymous_1)
FN:48,(anonymous_2)
FN:64,(anonymous_3)
FN:89,(anonymous_4)
FN:106,(anonymous_5)
FN:136,(anonymous_6)
FNF:7
FNH:7
FNDA:2,(anonymous_0)
FNDA:1,(anonymous_1)
FNDA:2,(anonymous_2)
FNDA:2,(anonymous_3)
FNDA:2,(anonymous_4)
FNDA:2,(anonymous_5)
FNDA:1,(anonymous_6)
DA:1,1
DA:2,1
DA:3,1
DA:4,1
DA:5,1
DA:12,2
DA:14,2
DA:15,2
DA:16,1
DA:17,1
DA:20,1
DA:23,1
DA:27,1
DA:35,1
DA:36,1
DA:39,1
DA:41,0
DA:49,2
DA:50,2
DA:55,1
DA:57,1
DA:65,2
DA:68,2
DA:69,2
DA:70,1
DA:71,1
DA:73,1
DA:78,1
DA:82,1
DA:90,2
DA:91,2
DA:96,1
DA:98,1
DA:107,2
DA:110,2
DA:117,1
DA:118,1
DA:119,1
DA:123,1
DA:130,1
DA:136,1
DA:137,1
DA:139,0
DA:140,0
DA:143,1
DA:147,1
DA:153,1
DA:154,1
LF:48
LH:45
BRDA:137,0,0,0
BRDA:137,0,1,1
BRF:2
BRH:1
end_of_record
TN:
SF:/home/raj/Desktop/vue-git/customEmail/server/models/email.js
FN:2,(anonymous_0)
FN:22,(anonymous_1)
FNF:2
FNH:2
FNDA:1,(anonymous_0)
FNDA:1,(anonymous_1)
DA:1,1
DA:2,1
DA:3,1
DA:22,1
DA:23,1
DA:27,1
LF:6
LH:6
BRF:0
BRH:0
end_of_record
TN:
SF:/home/raj/Desktop/vue-git/customEmail/server/routes/route_config.js
FNF:0
FNH:0
DA:1,1
DA:2,1
DA:4,1
DA:8,1
DA:9,1
DA:10,1
DA:11,1
DA:12,1
DA:13,1
DA:16,1
LF:10
LH:10
BRF:0
BRH:0
end_of_record
